{
  "RSpec": {
    "coverage": {
      "/Users/john/dev/wdi/ruby-heroku/Ruby Heroku Blog/my_blog/spec/features/posts_spec.rb": [
        1,
        null,
        null,
        null,
        null,
        null,
        1,
        1,
        1,
        0,
        0,
        null,
        null,
        0,
        null,
        null,
        0,
        null,
        null,
        null,
        null,
        null,
        null,
        null,
        null
      ],
      "/Users/john/dev/wdi/ruby-heroku/Ruby Heroku Blog/my_blog/spec/rails_helper.rb": [
        null,
        1,
        1,
        1,
        1,
        1,
        null,
        null,
        null,
        null,
        null,
        null,
        null,
        null,
        null,
        null,
        null,
        null,
        null,
        null,
        null,
        null,
        null,
        null,
        null,
        1,
        null,
        1,
        null,
        1,
        null,
        null,
        null,
        null,
        1,
        null,
        null,
        null,
        null,
        null,
        null,
        null,
        null,
        null,
        null,
        null,
        null,
        null,
        null,
        1,
        null
      ],
      "/Users/john/dev/wdi/ruby-heroku/Ruby Heroku Blog/my_blog/config/environment.rb": [
        null,
        1,
        null,
        null,
        1
      ],
      "/Users/john/dev/wdi/ruby-heroku/Ruby Heroku Blog/my_blog/config/application.rb": [
        1,
        null,
        1,
        null,
        null,
        null,
        1,
        null,
        1,
        1,
        null,
        null,
        null,
        null,
        null,
        null,
        null,
        null,
        null,
        null,
        null,
        null,
        null
      ],
      "/Users/john/dev/wdi/ruby-heroku/Ruby Heroku Blog/my_blog/config/boot.rb": [
        null,
        1,
        null,
        1
      ],
      "/Users/john/dev/wdi/ruby-heroku/Ruby Heroku Blog/my_blog/config/environments/test.rb": [
        1,
        null,
        null,
        null,
        null,
        null,
        null,
        1,
        null,
        null,
        null,
        null,
        1,
        null,
        null,
        1,
        1,
        null,
        null,
        1,
        1,
        null,
        null,
        1,
        null,
        null,
        1,
        null,
        null,
        null,
        null,
        1,
        null,
        null,
        1,
        null,
        null,
        null,
        null
      ],
      "/Users/john/dev/wdi/ruby-heroku/Ruby Heroku Blog/my_blog/config/initializers/assets.rb": [
        null,
        null,
        null,
        1,
        null,
        null,
        null,
        null
      ],
      "/Users/john/dev/wdi/ruby-heroku/Ruby Heroku Blog/my_blog/config/initializers/backtrace_silencers.rb": [
        null,
        null,
        null,
        null,
        null,
        null,
        null
      ],
      "/Users/john/dev/wdi/ruby-heroku/Ruby Heroku Blog/my_blog/config/initializers/cookies_serializer.rb": [
        null,
        null,
        1
      ],
      "/Users/john/dev/wdi/ruby-heroku/Ruby Heroku Blog/my_blog/config/initializers/filter_parameter_logging.rb": [
        null,
        null,
        null,
        1
      ],
      "/Users/john/dev/wdi/ruby-heroku/Ruby Heroku Blog/my_blog/config/initializers/inflections.rb": [
        null,
        null,
        null,
        null,
        null,
        null,
        null,
        null,
        null,
        null,
        null,
        null,
        null,
        null,
        null,
        null
      ],
      "/Users/john/dev/wdi/ruby-heroku/Ruby Heroku Blog/my_blog/config/initializers/mime_types.rb": [
        null,
        null,
        null,
        null
      ],
      "/Users/john/dev/wdi/ruby-heroku/Ruby Heroku Blog/my_blog/config/initializers/session_store.rb": [
        null,
        null,
        1
      ],
      "/Users/john/dev/wdi/ruby-heroku/Ruby Heroku Blog/my_blog/config/initializers/wrap_parameters.rb": [
        null,
        null,
        null,
        null,
        null,
        null,
        1,
        1,
        null,
        null,
        null,
        null,
        null,
        null
      ],
      "/Users/john/dev/wdi/ruby-heroku/Ruby Heroku Blog/my_blog/config/routes.rb": [
        1,
        1,
        null,
        null,
        null,
        null,
        null,
        null,
        null,
        null,
        null,
        null,
        null,
        null,
        null,
        null,
        null,
        null,
        null,
        null,
        null,
        null,
        null,
        null,
        null,
        null,
        null,
        null,
        null,
        null,
        null,
        null,
        null,
        null,
        null,
        null,
        null,
        null,
        null,
        null,
        null,
        null,
        null,
        null,
        null,
        null,
        null,
        null,
        null,
        null,
        null,
        null,
        null,
        null,
        null,
        null,
        null,
        null
      ],
      "/Users/john/dev/wdi/ruby-heroku/Ruby Heroku Blog/my_blog/app/helpers/application_helper.rb": [
        1,
        null
      ],
      "/Users/john/dev/wdi/ruby-heroku/Ruby Heroku Blog/my_blog/app/helpers/posts_helper.rb": [
        1,
        null
      ]
    },
    "timestamp": 1413906252
  }
}
